<?xml version="1.0" encoding="UTF-8"?>
<testsuite name="Test1" tests="1" skipped="0" failures="0" errors="0" timestamp="2020-10-23T09:58:28" hostname="user-PC" time="0.002">
  <properties/>
  <testcase name="rwBite3" classname="Test1" time="0.002"/>
  <system-out><![CDATA[]]></system-out>
  <system-err><![CDATA[]]></system-err>
</testsuite>
