<?xml version="1.0" encoding="UTF-8"?>
<testsuite name="Test1" tests="1" skipped="0" failures="0" errors="0" timestamp="2020-10-28T09:24:34" hostname="user-PC" time="10.723">
  <properties/>
  <testcase name="rwBite" classname="Test1" time="10.723"/>
  <system-out><![CDATA[T
h
i
s
 
i
s
 
a
 
t
e
s
t
.
1233
1233
1233
]]></system-out>
  <system-err><![CDATA[]]></system-err>
</testsuite>
